[handleMsg]:  Message {
  _data: {
    id: {
      fromMe: false,
      remote: '51992314521@c.us',
      id: 'E0E93B3A496A312E7DB43A0FC6C2A440',
      _serialized: 'false_51992314521@c.us_E0E93B3A496A312E7DB43A0FC6C2A440'
    },
    body: 'Hi',
    type: 'chat',
    t: 1683093005,
    notifyName: 'Gohan',
    from: '51992314521@c.us',
    to: '51935618135@c.us',
    self: 'in',
    ack: 1,
    isNewMsg: true,
    star: false,
    kicNotified: false,
    recvFresh: true,
    isFromTemplate: false,
    thumbnail: '',
    richPreviewType: 0,
    pollInvalidated: false,
    isSentCagPollCreation: false,
    latestEditMsgKey: null,
    latestEditSenderTimestampMs: null,
    broadcast: false,
    mentionedJidList: [],
    groupMentions: [],
    isVcardOverMmsDocument: false,
    labels: [],
    hasReaction: false,
    inviteGrpType: 'DEFAULT',
    productHeaderImageRejected: false,
    lastPlaybackProgress: 0,
    isDynamicReplyButtonsMsg: false,
    isMdHistoryMsg: false,
    stickerSentTs: 0,
    isAvatar: false,
    requiresDirectConnection: false,
    links: []
  },
  mediaKey: undefined,
  id: {
    fromMe: false,
    remote: '51992314521@c.us',
    id: 'E0E93B3A496A312E7DB43A0FC6C2A440',
    _serialized: 'false_51992314521@c.us_E0E93B3A496A312E7DB43A0FC6C2A440'
  },
  ack: 1,
  hasMedia: false,
  body: 'Hi',
  type: 'chat',
  timestamp: 1683093005,
  from: '51992314521',
  to: '51935618135@c.us',
  author: undefined,
  deviceType: 'android',
  isForwarded: undefined,
  forwardingScore: 0,
  isStatus: undefined,
  isStarred: false,
  broadcast: false,
  fromMe: false,
  hasQuotedMsg: false,
  duration: undefined,
  location: undefined,
  vCards: [],
  inviteV4: undefined,
  mentionedIds: [],
  orderId: undefined,
  token: undefined,
  isGif: false,
  isEphemeral: undefined,
  links: []
}
